#
# A fatal error has been detected by the Java Runtime Environment:
#
#  EXCEPTION_ACCESS_VIOLATION (0xc0000005) at pc=0x0000000002404733, pid=4440, tid=820
#
# JRE version: Java(TM) SE Runtime Environment (7.0_40-b43) (build 1.7.0_40-b43)
# Java VM: Java HotSpot(TM) 64-Bit Server VM (24.0-b56 mixed mode windows-amd64 compressed oops)
# Problematic frame:
# J  othello.Othello.animate()V
#
# Failed to write core dump. Minidumps are not enabled by default on client versions of Windows
#
# If you would like to submit a bug report, please visit:
#   http://bugreport.sun.com/bugreport/crash.jsp
#

---------------  T H R E A D  ---------------

Current thread (0x000000000b2c9000):  JavaThread "Thread-1" [_thread_in_Java, id=820, stack(0x000000000d1a0000,0x000000000d2a0000)]

siginfo: ExceptionCode=0xc0000005, reading address 0x00000004e1b7701c

Registers:
RAX=0x0000000000000000, RBX=0x0000000000000001, RCX=0x00000000e1b77010, RDX=0x0000000000000002
RSP=0x000000000d29f820, RBP=0x00000000e1b772fc, RSI=0x0000000000000001, RDI=0x00000000e1b772e0
R8 =0x0000000000000001, R9 =0x00000000ffffffff, R10=0x00000000e1b023a8, R11=0x0000000000000003
R12=0x0000000000000000, R13=0x0000000000000008, R14=0x00000000e1b771a0, R15=0x000000000b2c9000
RIP=0x0000000002404733, EFLAGS=0x0000000000010286

Top of Stack: (sp=0x000000000d29f820)
0x000000000d29f820:   00000000e1b023a8 00000001e1b77010
0x000000000d29f830:   0000000800000001 00000003e1b772e0
0x000000000d29f840:   0000000000000002 0000000000000001
0x000000000d29f850:   00000000e1b772e0 000000000d29f8b0
0x000000000d29f860:   000000009b8ad3c0 0000000000000000
0x000000000d29f870:   000000009b832308 0000000000000000
0x000000000d29f880:   000000000d29f8a8 000000000d29f8f8
0x000000000d29f890:   000000000d29f8f8 00000000023560f8
0x000000000d29f8a0:   000000000235f0d8 00000000023560f8
0x000000000d29f8b0:   00000000e1b023a8 000000000d29f8b8
0x000000000d29f8c0:   000000009ba5ac09 000000000d29f928
0x000000000d29f8d0:   000000009bab3718 0000000000000000
0x000000000d29f8e0:   000000009ba5ac78 000000000d29f8b0
0x000000000d29f8f0:   000000000d29f928 000000000d29f970
0x000000000d29f900:   00000000023567a6 0000000000000000
0x000000000d29f910:   000000000000000a 3f847ae147ae147b 

Instructions: (pc=0x0000000002404733)
0x0000000002404713:   48 8b c7 48 8d 6c b7 18 44 8b 4d 00 45 85 c9 0f
0x0000000002404723:   84 4d 07 00 00 8b c3 ff c8 44 8b cb 41 83 c1 fe
0x0000000002404733:   42 8b 6c 89 10 85 c0 0f 8c 25 16 00 00 45 85 c9
0x0000000002404743:   0f 8c 52 16 00 00 45 3b cd 0f 83 33 15 00 00 89 


Register to memory mapping:

RAX=0x0000000000000000 is an unknown value
RBX=0x0000000000000001 is an unknown value
RCX=0x00000000e1b77010 is an oop
[[Lothello.Piece; 
 - klass: 'othello/Piece'[][]
 - length: 8
RDX=0x0000000000000002 is an unknown value
RSP=0x000000000d29f820 is pointing into the stack for thread: 0x000000000b2c9000
RBP=0x00000000e1b772fc is an unknown value
RSI=0x0000000000000001 is an unknown value
RDI=0x00000000e1b772e0 is an oop
[Lothello.Piece; 
 - klass: 'othello/Piece'[]
 - length: 8
R8 =0x0000000000000001 is an unknown value
R9 =0x00000000ffffffff is an unallocated location in the heap
R10=0x00000000e1b023a8 is an oop
othello.Othello 
 - klass: 'othello/Othello'
R11=0x0000000000000003 is an unknown value
R12=0x0000000000000000 is an unknown value
R13=0x0000000000000008 is an unknown value
R14=0x00000000e1b771a0 is an oop
java.awt.Color 
 - klass: 'java/awt/Color'
R15=0x000000000b2c9000 is a thread


Stack: [0x000000000d1a0000,0x000000000d2a0000],  sp=0x000000000d29f820,  free space=1022k
Native frames: (J=compiled Java code, j=interpreted, Vv=VM code, C=native code)
J  othello.Othello.animate()V


---------------  P R O C E S S  ---------------

Java Threads: ( => current thread )
  0x000000000b4f2800 JavaThread "Image Fetcher 3" daemon [_thread_blocked, id=2484, stack(0x000000000eef0000,0x000000000eff0000)]
  0x000000000b4c9800 JavaThread "Image Fetcher 2" daemon [_thread_blocked, id=4736, stack(0x000000000eb20000,0x000000000ec20000)]
  0x000000000b4c8800 JavaThread "Image Fetcher 1" daemon [_thread_blocked, id=3308, stack(0x000000000eca0000,0x000000000eda0000)]
  0x000000000b306000 JavaThread "Image Fetcher 0" daemon [_thread_blocked, id=5904, stack(0x000000000fab0000,0x000000000fbb0000)]
  0x000000000b305000 JavaThread "D3D Screen Updater" daemon [_thread_blocked, id=5712, stack(0x000000000fbc0000,0x000000000fcc0000)]
  0x00000000002ff000 JavaThread "DestroyJavaVM" [_thread_blocked, id=4664, stack(0x0000000002250000,0x0000000002350000)]
  0x000000000b2fa800 JavaThread "AWT-EventQueue-0" [_thread_blocked, id=4416, stack(0x000000000e9d0000,0x000000000ead0000)]
=>0x000000000b2c9000 JavaThread "Thread-1" [_thread_in_Java, id=820, stack(0x000000000d1a0000,0x000000000d2a0000)]
  0x000000000b2ad000 JavaThread "AWT-Windows" daemon [_thread_in_native, id=6060, stack(0x000000000b800000,0x000000000b900000)]
  0x000000000b1a4000 JavaThread "AWT-Shutdown" [_thread_blocked, id=3576, stack(0x000000000b5a0000,0x000000000b6a0000)]
  0x000000000b1a3000 JavaThread "Java2D Disposer" daemon [_thread_blocked, id=3960, stack(0x000000000b910000,0x000000000ba10000)]
  0x0000000009726000 JavaThread "Service Thread" daemon [_thread_blocked, id=5248, stack(0x000000000a9e0000,0x000000000aae0000)]
  0x0000000009725000 JavaThread "C2 CompilerThread1" daemon [_thread_blocked, id=5848, stack(0x000000000b0a0000,0x000000000b1a0000)]
  0x000000000971f800 JavaThread "C2 CompilerThread0" daemon [_thread_blocked, id=5660, stack(0x000000000a7a0000,0x000000000a8a0000)]
  0x000000000971d800 JavaThread "Attach Listener" daemon [_thread_blocked, id=5964, stack(0x000000000aee0000,0x000000000afe0000)]
  0x0000000009716000 JavaThread "Signal Dispatcher" daemon [_thread_blocked, id=5544, stack(0x000000000ad20000,0x000000000ae20000)]
  0x00000000096c4000 JavaThread "Finalizer" daemon [_thread_blocked, id=3036, stack(0x000000000ab30000,0x000000000ac30000)]
  0x00000000096b9000 JavaThread "Reference Handler" daemon [_thread_blocked, id=1592, stack(0x000000000a8c0000,0x000000000a9c0000)]

Other Threads:
  0x00000000096b6800 VMThread [stack: 0x000000000a680000,0x000000000a780000] [id=5276]
  0x000000000973f000 WatcherThread [stack: 0x000000000b6e0000,0x000000000b7e0000] [id=4496]

VM state:not at safepoint (normal execution)

VM Mutex/Monitor currently owned by a thread: None

Heap
 PSYoungGen      total 28672K, used 10216K [0x00000000e0300000, 0x00000000e2300000, 0x0000000100000000)
  eden space 24576K, 28% used [0x00000000e0300000,0x00000000e09bcee8,0x00000000e1b00000)
  from space 4096K, 80% used [0x00000000e1b00000,0x00000000e1e3d4e8,0x00000000e1f00000)
  to   space 4096K, 0% used [0x00000000e1f00000,0x00000000e1f00000,0x00000000e2300000)
 ParOldGen       total 65024K, used 27015K [0x00000000a0a00000, 0x00000000a4980000, 0x00000000e0300000)
  object space 65024K, 41% used [0x00000000a0a00000,0x00000000a2461e40,0x00000000a4980000)
 PSPermGen       total 21504K, used 8103K [0x000000009b800000, 0x000000009cd00000, 0x00000000a0a00000)
  object space 21504K, 37% used [0x000000009b800000,0x000000009bfe9ed0,0x000000009cd00000)

Card table byte_map: [0x0000000005410000,0x0000000005740000] byte_map_base: 0x0000000004f34000

Polling page: 0x0000000000340000

Code Cache  [0x0000000002350000, 0x00000000025c0000, 0x0000000005350000)
 total_blobs=469 nmethods=77 adapters=344 free_code_cache=48461Kb largest_free_block=49578752

Compilation events (10 events):
Event: 4.282 Thread 0x0000000009725000   73             java.util.concurrent.locks.AbstractQueuedSynchronizer::compareAndSetState (13 bytes)
Event: 4.283 Thread 0x0000000009725000 nmethod 73 0x00000000023ddd50 code [0x00000000023dde80, 0x00000000023dded8]
Event: 4.323 Thread 0x000000000971f800   74             java.util.concurrent.locks.AbstractQueuedSynchronizer::release (33 bytes)
Event: 4.325 Thread 0x000000000971f800 nmethod 74 0x00000000023dd8d0 code [0x00000000023dda20, 0x00000000023ddbc8]
Event: 4.405 Thread 0x0000000009725000   75  s          sun.java2d.loops.RenderCache::get (100 bytes)
Event: 4.405 Thread 0x000000000971f800   76             sun.java2d.loops.RenderCache$Entry::matches (30 bytes)
Event: 4.406 Thread 0x000000000971f800 nmethod 76 0x00000000023dd650 code [0x00000000023dd780, 0x00000000023dd818]
Event: 4.412 Thread 0x0000000009725000 nmethod 75 0x00000000023f4bd0 code [0x00000000023f4d20, 0x00000000023f5338]
Event: 4.429 Thread 0x000000000971f800   77  s!         java.awt.Toolkit::getDefaultToolkit (39 bytes)
Event: 4.431 Thread 0x000000000971f800 nmethod 77 0x00000000023dd210 code [0x00000000023dd360, 0x00000000023dd5b8]

GC Heap History (2 events):
Event: 1.002 GC heap before
{Heap before GC invocations=1 (full 0):
 PSYoungGen      total 28672K, used 24576K [0x00000000e0300000, 0x00000000e2300000, 0x0000000100000000)
  eden space 24576K, 100% used [0x00000000e0300000,0x00000000e1b00000,0x00000000e1b00000)
  from space 4096K, 0% used [0x00000000e1f00000,0x00000000e1f00000,0x00000000e2300000)
  to   space 4096K, 0% used [0x00000000e1b00000,0x00000000e1b00000,0x00000000e1f00000)
 ParOldGen       total 65024K, used 7K [0x00000000a0a00000, 0x00000000a4980000, 0x00000000e0300000)
  object space 65024K, 0% used [0x00000000a0a00000,0x00000000a0a01e10,0x00000000a4980000)
 PSPermGen       total 21504K, used 8008K [0x000000009b800000, 0x000000009cd00000, 0x00000000a0a00000)
  object space 21504K, 37% used [0x000000009b800000,0x000000009bfd2328,0x000000009cd00000)
Event: 1.010 GC heap after
Heap after GC invocations=1 (full 0):
 PSYoungGen      total 28672K, used 3317K [0x00000000e0300000, 0x00000000e2300000, 0x0000000100000000)
  eden space 24576K, 0% used [0x00000000e0300000,0x00000000e0300000,0x00000000e1b00000)
  from space 4096K, 80% used [0x00000000e1b00000,0x00000000e1e3d4e8,0x00000000e1f00000)
  to   space 4096K, 0% used [0x00000000e1f00000,0x00000000e1f00000,0x00000000e2300000)
 ParOldGen       total 65024K, used 27015K [0x00000000a0a00000, 0x00000000a4980000, 0x00000000e0300000)
  object space 65024K, 41% used [0x00000000a0a00000,0x00000000a2461e40,0x00000000a4980000)
 PSPermGen       total 21504K, used 8008K [0x000000009b800000, 0x000000009cd00000, 0x00000000a0a00000)
  object space 21504K, 37% used [0x000000009b800000,0x000000009bfd2328,0x000000009cd00000)
}

Deoptimization events (7 events):
Event: 0.379 Thread 0x000000000b2fa800 Uncommon trap: reason=predicate action=maybe_recompile pc=0x00000000023ca3e0 method=java.util.ArrayList.indexOf(Ljava/lang/Object;)I @ 44
Event: 1.611 Thread 0x000000000b305000 Uncommon trap: reason=predicate action=maybe_recompile pc=0x00000000023d2d90 method=java.util.Arrays.fill([Ljava/lang/Object;Ljava/lang/Object;)V @ 10
Event: 2.445 Thread 0x000000000b2c9000 Uncommon trap: reason=unreached action=reinterpret pc=0x00000000023e32b0 method=othello.Othello.animate()V @ 1101
Event: 2.699 Thread 0x000000000b2fa800 Uncommon trap: reason=array_check action=maybe_recompile pc=0x00000000023e1174 method=java.util.Arrays.fill([Ljava/lang/Object;Ljava/lang/Object;)V @ 13
Event: 2.699 Thread 0x000000000b305000 Uncommon trap: reason=array_check action=maybe_recompile pc=0x00000000023e1174 method=java.util.Arrays.fill([Ljava/lang/Object;Ljava/lang/Object;)V @ 13
Event: 2.700 Thread 0x000000000b305000 Uncommon trap: reason=array_check action=maybe_recompile pc=0x00000000023e1174 method=java.util.Arrays.fill([Ljava/lang/Object;Ljava/lang/Object;)V @ 13
Event: 2.703 Thread 0x000000000b2fa800 Uncommon trap: reason=array_check action=maybe_recompile pc=0x00000000023e1174 method=java.util.Arrays.fill([Ljava/lang/Object;Ljava/lang/Object;)V @ 13

Internal exceptions (10 events):
Event: 0.166 Thread 0x00000000002ff000 Threw 0x00000000e0474178 at C:\jdk7u2_64p\jdk7u40\hotspot\src\share\vm\prims\jvm.cpp:1244
Event: 0.167 Thread 0x00000000002ff000 Threw 0x00000000e0476840 at C:\jdk7u2_64p\jdk7u40\hotspot\src\share\vm\prims\jvm.cpp:1244
Event: 0.167 Thread 0x00000000002ff000 Threw 0x00000000e0477f10 at C:\jdk7u2_64p\jdk7u40\hotspot\src\share\vm\prims\jvm.cpp:1244
Event: 0.167 Thread 0x00000000002ff000 Threw 0x00000000e0479368 at C:\jdk7u2_64p\jdk7u40\hotspot\src\share\vm\prims\jvm.cpp:1244
Event: 0.169 Thread 0x000000000b2c9000 Threw 0x00000000e04ec980 at C:\jdk7u2_64p\jdk7u40\hotspot\src\share\vm\prims\jvm.cpp:1244
Event: 0.169 Thread 0x000000000b2c9000 Threw 0x00000000e04eeab0 at C:\jdk7u2_64p\jdk7u40\hotspot\src\share\vm\prims\jvm.cpp:1244
Event: 0.199 Thread 0x00000000002ff000 Threw 0x00000000e04c8e20 at C:\jdk7u2_64p\jdk7u40\hotspot\src\share\vm\prims\jvm.cpp:1244
Event: 0.199 Thread 0x00000000002ff000 Threw 0x00000000e04c8f48 at C:\jdk7u2_64p\jdk7u40\hotspot\src\share\vm\prims\jvm.cpp:1244
Event: 0.199 Thread 0x00000000002ff000 Threw 0x00000000e04cccc0 at C:\jdk7u2_64p\jdk7u40\hotspot\src\share\vm\prims\jvm.cpp:1244
Event: 0.199 Thread 0x00000000002ff000 Threw 0x00000000e04ccde8 at C:\jdk7u2_64p\jdk7u40\hotspot\src\share\vm\prims\jvm.cpp:1244

Events (10 events):
Event: 2.699 Thread 0x000000000b305000 DEOPT PACKING pc=0x00000000023e1174 sp=0x000000000fcbf200
Event: 2.699 Thread 0x000000000b305000 DEOPT UNPACKING pc=0x00000000023875a4 sp=0x000000000fcbf1a8 mode 2
Event: 2.700 Thread 0x000000000b305000 Uncommon trap: trap_request=0xffffffd6 fr.pc=0x00000000023e1174
Event: 2.700 Thread 0x000000000b305000 DEOPT PACKING pc=0x00000000023e1174 sp=0x000000000fcbf200
Event: 2.700 Thread 0x000000000b305000 DEOPT UNPACKING pc=0x00000000023875a4 sp=0x000000000fcbf1a8 mode 2
Event: 2.703 Thread 0x000000000b2fa800 Uncommon trap: trap_request=0xffffffd6 fr.pc=0x00000000023e1174
Event: 2.703 Thread 0x000000000b2fa800 DEOPT PACKING pc=0x00000000023e1174 sp=0x000000000eacca60
Event: 2.703 Thread 0x000000000b2fa800 DEOPT UNPACKING pc=0x00000000023875a4 sp=0x000000000eacca08 mode 2
Event: 4.083 Executing VM operation: EnableBiasedLocking
Event: 4.083 Executing VM operation: EnableBiasedLocking done


Dynamic libraries:
0x000000013fcf0000 - 0x000000013fd23000 	C:\Program Files\Java\jdk1.7.0_40\bin\java.exe
0x00000000777e0000 - 0x0000000077989000 	C:\Windows\SYSTEM32\ntdll.dll
0x00000000775c0000 - 0x00000000776e0000 	C:\Windows\system32\kernel32.dll
0x000007fefd8d0000 - 0x000007fefd93c000 	C:\Windows\system32\KERNELBASE.dll
0x000007feff180000 - 0x000007feff25b000 	C:\Windows\system32\ADVAPI32.dll
0x000007fefefb0000 - 0x000007feff04f000 	C:\Windows\system32\msvcrt.dll
0x000007feff560000 - 0x000007feff57f000 	C:\Windows\SYSTEM32\sechost.dll
0x000007feff050000 - 0x000007feff17d000 	C:\Windows\system32\RPCRT4.dll
0x00000000776e0000 - 0x00000000777da000 	C:\Windows\system32\USER32.dll
0x000007feff260000 - 0x000007feff2c7000 	C:\Windows\system32\GDI32.dll
0x000007feff8a0000 - 0x000007feff8ae000 	C:\Windows\system32\LPK.dll
0x000007feff3d0000 - 0x000007feff499000 	C:\Windows\system32\USP10.dll
0x000007fefbca0000 - 0x000007fefbe94000 	C:\Windows\WinSxS\amd64_microsoft.windows.common-controls_6595b64144ccf1df_6.0.7601.18837_none_fa3b1e3d17594757\COMCTL32.dll
0x000007feff2d0000 - 0x000007feff341000 	C:\Windows\system32\SHLWAPI.dll
0x000007fefded0000 - 0x000007fefdefe000 	C:\Windows\system32\IMM32.DLL
0x000007feff580000 - 0x000007feff689000 	C:\Windows\system32\MSCTF.dll
0x000000006f6a0000 - 0x000000006f771000 	C:\Program Files\Java\jdk1.7.0_40\jre\bin\msvcr100.dll
0x000000006acc0000 - 0x000000006b489000 	C:\Program Files\Java\jdk1.7.0_40\jre\bin\server\jvm.dll
0x000007fefa8c0000 - 0x000007fefa8c9000 	C:\Windows\system32\WSOCK32.dll
0x000007fefd940000 - 0x000007fefd98d000 	C:\Windows\system32\WS2_32.dll
0x000007feff8b0000 - 0x000007feff8b8000 	C:\Windows\system32\NSI.dll
0x000007fefb460000 - 0x000007fefb49b000 	C:\Windows\system32\WINMM.dll
0x00000000779a0000 - 0x00000000779a7000 	C:\Windows\system32\PSAPI.DLL
0x000000006f690000 - 0x000000006f69f000 	C:\Program Files\Java\jdk1.7.0_40\jre\bin\verify.dll
0x000000006f660000 - 0x000000006f688000 	C:\Program Files\Java\jdk1.7.0_40\jre\bin\java.dll
0x000000006f5e0000 - 0x000000006f5f5000 	C:\Program Files\Java\jdk1.7.0_40\jre\bin\zip.dll
0x000000006ab20000 - 0x000000006acb5000 	C:\Program Files\Java\jdk1.7.0_40\jre\bin\awt.dll
0x000007fefeed0000 - 0x000007fefefa7000 	C:\Windows\system32\OLEAUT32.dll
0x000007feff690000 - 0x000007feff893000 	C:\Windows\system32\ole32.dll
0x000007fefb050000 - 0x000007fefb068000 	C:\Windows\system32\DWMAPI.DLL
0x000007fefbc40000 - 0x000007fefbc96000 	C:\Windows\system32\uxtheme.dll
0x000007fefd3e0000 - 0x000007fefd3ef000 	C:\Windows\system32\CRYPTBASE.dll
0x000007fef7870000 - 0x000007fef7a6f000 	C:\Windows\system32\d3d9.dll
0x000007fefc5c0000 - 0x000007fefc5cc000 	C:\Windows\system32\VERSION.dll
0x000007fef7860000 - 0x000007fef7867000 	C:\Windows\system32\d3d8thk.dll
0x000007fef6ec0000 - 0x000007fef6ece000 	C:\Windows\system32\atiu9p64.dll
0x000000005b260000 - 0x000000005b983000 	C:\Windows\system32\atiumd64.dll
0x000000005ae70000 - 0x000000005b25c000 	C:\Windows\system32\atiumd6a.dll
0x000007fefe140000 - 0x000007fefeec9000 	C:\Windows\system32\SHELL32.dll
0x000000006f480000 - 0x000000006f4bf000 	C:\Program Files\Java\jdk1.7.0_40\jre\bin\fontmanager.dll
0x000007feffa50000 - 0x000007feffae9000 	C:\Windows\system32\CLBCatQ.DLL
0x000000005dd00000 - 0x000000005dd2a000 	C:\Program Files\Java\jdk1.7.0_40\jre\bin\dcpr.dll
0x0000000071540000 - 0x0000000071570000 	C:\Program Files\Java\jdk1.7.0_40\jre\bin\jpeg.dll
0x000000006f600000 - 0x000000006f619000 	C:\Program Files\Java\jdk1.7.0_40\jre\bin\net.dll
0x000007fefcd20000 - 0x000007fefcd75000 	C:\Windows\system32\mswsock.dll
0x000007fefcd10000 - 0x000007fefcd17000 	C:\Windows\System32\wship6.dll
0x000000006f5a0000 - 0x000000006f5b1000 	C:\Program Files\Java\jdk1.7.0_40\jre\bin\nio.dll
0x000000006efa0000 - 0x000000006efe1000 	C:\Program Files\Java\jdk1.7.0_40\jre\bin\t2k.dll

VM Arguments:
jvm_args: -Dfile.encoding=UTF-8 
java_command: othello.Othello
Launcher Type: SUN_STANDARD

Environment Variables:
CLASSPATH=.;C:\Program Files (x86)\Java\jre7\lib\ext\QTJava.zip
PATH=C:\ProgramData\Oracle\Java\javapath;C:\Program Files (x86)\Intel\iCLS Client\;C:\Program Files\Intel\iCLS Client\;C:\Program Files\Common Files\Microsoft Shared\Windows Live;C:\Program Files (x86)\Common Files\Microsoft Shared\Windows Live;c:\Program Files (x86)\AMD APP\bin\x86_64;c:\Program Files (x86)\AMD APP\bin\x86;C:\Windows\system32;C:\Windows;C:\Windows\System32\Wbem;C:\Windows\System32\WindowsPowerShell\v1.0\;c:\Program Files (x86)\ATI Technologies\ATI.ACE\Core-Static;C:\Program Files (x86)\Windows Live\Shared;C:\Program Files (x86)\QuickTime\QTSystem\;C:\Program Files\Intel\Intel(R) Management Engine Components\DAL;C:\Program Files\Intel\Intel(R) Management Engine Components\IPT;C:\Program Files (x86)\Intel\Intel(R) Management Engine Components\DAL;C:\Program Files (x86)\Intel\Intel(R) Management Engine Components\IPT;c:\Program Files (x86)\Microsoft SQL Server\100\Tools\Binn\;c:\Program Files\Microsoft SQL Server\100\Tools\Binn\;c:\Program Files\Microsoft SQL Server\100\DTS\Binn\
USERNAME=148002822
OS=Windows_NT
PROCESSOR_IDENTIFIER=Intel64 Family 6 Model 58 Stepping 9, GenuineIntel



---------------  S Y S T E M  ---------------

OS: Windows 7 , 64 bit Build 7601 Service Pack 1

CPU:total 4 (4 cores per cpu, 1 threads per core) family 6 model 58 stepping 9, cmov, cx8, fxsr, mmx, sse, sse2, sse3, ssse3, sse4.1, sse4.2, popcnt, avx, aes, erms, tsc, tscinvbit, tscinv

Memory: 4k page, physical 6244820k(3319952k free), swap 12487804k(8683068k free)

vm_info: Java HotSpot(TM) 64-Bit Server VM (24.0-b56) for windows-amd64 JRE (1.7.0_40-b43), built on Aug 26 2013 22:38:32 by "java_re" with unknown MS VC++:1600

time: Mon Nov 09 14:27:41 2015
elapsed time: 4 seconds

