#
# A fatal error has been detected by the Java Runtime Environment:
#
#  EXCEPTION_ACCESS_VIOLATION (0xc0000005) at pc=0x000000000239c2e8, pid=388, tid=3492
#
# JRE version: Java(TM) SE Runtime Environment (7.0_40-b43) (build 1.7.0_40-b43)
# Java VM: Java HotSpot(TM) 64-Bit Server VM (24.0-b56 mixed mode windows-amd64 compressed oops)
# Problematic frame:
# J  othello.Othello.animate()V
#
# Failed to write core dump. Minidumps are not enabled by default on client versions of Windows
#
# If you would like to submit a bug report, please visit:
#   http://bugreport.sun.com/bugreport/crash.jsp
#

---------------  T H R E A D  ---------------

Current thread (0x000000000b5b7000):  JavaThread "Thread-1" [_thread_in_Java, id=3492, stack(0x000000000f2d0000,0x000000000f3d0000)]

siginfo: ExceptionCode=0xc0000005, reading address 0x00000004e1de7544

Registers:
RAX=0x00000000e0713068, RBX=0x0000000000000008, RCX=0x0000000000000003, RDX=0x00000000e1d038c0
RSP=0x000000000f3cf650, RBP=0x00000000e1de77c4, RSI=0x00000000ffffffff, RDI=0x0000000000000001
R8 =0x0000000000000001, R9 =0x0000000000000002, R10=0x0000000000000000, R11=0x00000000e1de7538
R12=0x0000000000000000, R13=0x0000000000000002, R14=0x0000000000000001, R15=0x000000000b5b7000
RIP=0x000000000239c2e8, EFLAGS=0x0000000000010286

Top of Stack: (sp=0x000000000f3cf650)
0x000000000f3cf650:   00000000e1b09ef8 00000001e1de7538
0x000000000f3cf660:   0000000200000001 0000000200000008
0x000000000f3cf670:   e1de77a800000003 0000000000000001
0x000000000f3cf680:   ffffffff00000000 000000000f3cf6e0
0x000000000f3cf690:   000000009b8ad3c0 0000000000000000
0x000000000f3cf6a0:   000000009b832308 0000000000000000
0x000000000f3cf6b0:   000000000f3cf6d8 000000000f3cf728
0x000000000f3cf6c0:   000000000f3cf728 00000000022e60f8
0x000000000f3cf6d0:   00000000022ef0d8 00000000022e60f8
0x000000000f3cf6e0:   00000000e1b09ef8 000000000f3cf6e8
0x000000000f3cf6f0:   000000009ba5ac09 000000000f3cf758
0x000000000f3cf700:   000000009bab34e8 0000000000000000
0x000000000f3cf710:   000000009ba5ac78 000000000f3cf6e0
0x000000000f3cf720:   000000000f3cf758 000000000f3cf7a0
0x000000000f3cf730:   00000000022e67a6 0000000000000000
0x000000000f3cf740:   000000000000000a 3f847ae147ae147b 

Instructions: (pc=0x000000000239c2e8)
0x000000000239c2c8:   48 89 7c 24 28 44 8b d6 41 ff ca 44 89 54 24 30
0x000000000239c2d8:   89 74 24 0c 83 c6 fe 89 74 24 34 44 8b 5c 24 08
0x000000000239c2e8:   45 8b 54 b3 10 44 89 54 24 38 44 8b 5c 24 30 45
0x000000000239c2f8:   85 db 0f 8c ad 00 00 00 85 f6 0f 8c a5 00 00 00 


Register to memory mapping:

RAX=0x00000000e0713068 is an oop
othello.Piece 
 - klass: 'othello/Piece'
RBX=0x0000000000000008 is an unknown value
RCX=0x0000000000000003 is an unknown value
RDX=0x00000000e1d038c0 is an oop
java.awt.Color 
 - klass: 'java/awt/Color'
RSP=0x000000000f3cf650 is pointing into the stack for thread: 0x000000000b5b7000
RBP=0x00000000e1de77c4 is an unknown value
RSI=0x00000000ffffffff is an unallocated location in the heap
RDI=0x0000000000000001 is an unknown value
R8 =0x0000000000000001 is an unknown value
R9 =0x0000000000000002 is an unknown value
R10=0x0000000000000000 is an unknown value
R11=0x00000000e1de7538 is an oop
[[Lothello.Piece; 
 - klass: 'othello/Piece'[][]
 - length: 8
R12=0x0000000000000000 is an unknown value
R13=0x0000000000000002 is an unknown value
R14=0x0000000000000001 is an unknown value
R15=0x000000000b5b7000 is a thread


Stack: [0x000000000f2d0000,0x000000000f3d0000],  sp=0x000000000f3cf650,  free space=1021k
Native frames: (J=compiled Java code, j=interpreted, Vv=VM code, C=native code)
J  othello.Othello.animate()V


---------------  P R O C E S S  ---------------

Java Threads: ( => current thread )
  0x000000000b84b800 JavaThread "Image Fetcher 3" daemon [_thread_blocked, id=4608, stack(0x0000000011920000,0x0000000011a20000)]
  0x000000000b849800 JavaThread "Image Fetcher 2" daemon [_thread_blocked, id=5080, stack(0x00000000117d0000,0x00000000118d0000)]
  0x000000000b849000 JavaThread "Image Fetcher 1" daemon [_thread_blocked, id=4704, stack(0x00000000115e0000,0x00000000116e0000)]
  0x000000000b5f0000 JavaThread "Image Fetcher 0" daemon [_thread_blocked, id=2836, stack(0x000000000ffb0000,0x00000000100b0000)]
  0x000000000b5ef800 JavaThread "D3D Screen Updater" daemon [_thread_blocked, id=3636, stack(0x000000000fd80000,0x000000000fe80000)]
  0x000000000049f000 JavaThread "DestroyJavaVM" [_thread_blocked, id=5840, stack(0x00000000021e0000,0x00000000022e0000)]
  0x000000000b5e2800 JavaThread "AWT-EventQueue-0" [_thread_blocked, id=5852, stack(0x000000000f5b0000,0x000000000f6b0000)]
=>0x000000000b5b7000 JavaThread "Thread-1" [_thread_in_Java, id=3492, stack(0x000000000f2d0000,0x000000000f3d0000)]
  0x000000000b59f000 JavaThread "AWT-Windows" daemon [_thread_in_native, id=5252, stack(0x000000000bb70000,0x000000000bc70000)]
  0x000000000b59d800 JavaThread "AWT-Shutdown" [_thread_blocked, id=3408, stack(0x000000000ba60000,0x000000000bb60000)]
  0x000000000b59c800 JavaThread "Java2D Disposer" daemon [_thread_blocked, id=3136, stack(0x000000000b260000,0x000000000b360000)]
  0x000000000965e800 JavaThread "Service Thread" daemon [_thread_blocked, id=5184, stack(0x000000000b140000,0x000000000b240000)]
  0x0000000009655000 JavaThread "C2 CompilerThread1" daemon [_thread_blocked, id=1524, stack(0x000000000af50000,0x000000000b050000)]
  0x0000000009650000 JavaThread "C2 CompilerThread0" daemon [_thread_blocked, id=5592, stack(0x000000000ae50000,0x000000000af50000)]
  0x000000000964e000 JavaThread "Attach Listener" daemon [_thread_blocked, id=1592, stack(0x000000000a870000,0x000000000a970000)]
  0x0000000009646800 JavaThread "Signal Dispatcher" daemon [_thread_blocked, id=4124, stack(0x000000000ad00000,0x000000000ae00000)]
  0x00000000095f4000 JavaThread "Finalizer" daemon [_thread_blocked, id=5824, stack(0x000000000ab00000,0x000000000ac00000)]
  0x00000000095e9000 JavaThread "Reference Handler" daemon [_thread_blocked, id=3296, stack(0x000000000a9b0000,0x000000000aab0000)]

Other Threads:
  0x00000000095e6800 VMThread [stack: 0x000000000a760000,0x000000000a860000] [id=4952]
  0x0000000009669800 WatcherThread [stack: 0x000000000b390000,0x000000000b490000] [id=5156]

VM state:not at safepoint (normal execution)

VM Mutex/Monitor currently owned by a thread: None

Heap
 PSYoungGen      total 28672K, used 11389K [0x00000000e0300000, 0x00000000e2300000, 0x0000000100000000)
  eden space 24576K, 30% used [0x00000000e0300000,0x00000000e0a41510,0x00000000e1b00000)
  from space 4096K, 96% used [0x00000000e1b00000,0x00000000e1ede248,0x00000000e1f00000)
  to   space 4096K, 0% used [0x00000000e1f00000,0x00000000e1f00000,0x00000000e2300000)
 ParOldGen       total 65024K, used 27008K [0x00000000a0a00000, 0x00000000a4980000, 0x00000000e0300000)
  object space 65024K, 41% used [0x00000000a0a00000,0x00000000a2460030,0x00000000a4980000)
 PSPermGen       total 21504K, used 8126K [0x000000009b800000, 0x000000009cd00000, 0x00000000a0a00000)
  object space 21504K, 37% used [0x000000009b800000,0x000000009bfef928,0x000000009cd00000)

Card table byte_map: [0x00000000053a0000,0x00000000056d0000] byte_map_base: 0x0000000004ec4000

Polling page: 0x0000000001bf0000

Code Cache  [0x00000000022e0000, 0x0000000002550000, 0x00000000052e0000)
 total_blobs=498 nmethods=106 adapters=344 free_code_cache=48414Kb largest_free_block=49547264

Compilation events (10 events):
Event: 5.130 Thread 0x0000000009650000  102             sun.awt.SunToolkit::getImage (6 bytes)
Event: 5.130 Thread 0x0000000009655000  103   !         sun.awt.SunToolkit::getImageFromHash (77 bytes)
Event: 5.136 Thread 0x0000000009655000 nmethod 103 0x0000000002392010 code [0x00000000023921a0, 0x0000000002392968]
Event: 5.136 Thread 0x0000000009650000 nmethod 102 0x000000000238d9d0 code [0x000000000238db60, 0x000000000238e328]
Event: 5.136 Thread 0x0000000009655000  104             sun.misc.SoftCache::get (57 bytes)
Event: 5.140 Thread 0x0000000009655000 nmethod 104 0x0000000002391590 code [0x0000000002391700, 0x0000000002391b28]
Event: 5.159 Thread 0x0000000009650000  105 %           othello.Othello::animate @ 187 (2665 bytes)
Event: 5.215 Thread 0x0000000009650000 nmethod 105% 0x0000000002398410 code [0x0000000002398680, 0x000000000239a418]
Event: 5.222 Thread 0x0000000009655000  106             othello.Othello::animate (2665 bytes)
Event: 5.284 Thread 0x0000000009655000 nmethod 106 0x000000000239bbd0 code [0x000000000239bec0, 0x000000000239df00]

GC Heap History (2 events):
Event: 0.904 GC heap before
{Heap before GC invocations=1 (full 0):
 PSYoungGen      total 28672K, used 24576K [0x00000000e0300000, 0x00000000e2300000, 0x0000000100000000)
  eden space 24576K, 100% used [0x00000000e0300000,0x00000000e1b00000,0x00000000e1b00000)
  from space 4096K, 0% used [0x00000000e1f00000,0x00000000e1f00000,0x00000000e2300000)
  to   space 4096K, 0% used [0x00000000e1b00000,0x00000000e1b00000,0x00000000e1f00000)
 ParOldGen       total 65024K, used 0K [0x00000000a0a00000, 0x00000000a4980000, 0x00000000e0300000)
  object space 65024K, 0% used [0x00000000a0a00000,0x00000000a0a00000,0x00000000a4980000)
 PSPermGen       total 21504K, used 8004K [0x000000009b800000, 0x000000009cd00000, 0x00000000a0a00000)
  object space 21504K, 37% used [0x000000009b800000,0x000000009bfd1370,0x000000009cd00000)
Event: 0.912 GC heap after
Heap after GC invocations=1 (full 0):
 PSYoungGen      total 28672K, used 3960K [0x00000000e0300000, 0x00000000e2300000, 0x0000000100000000)
  eden space 24576K, 0% used [0x00000000e0300000,0x00000000e0300000,0x00000000e1b00000)
  from space 4096K, 96% used [0x00000000e1b00000,0x00000000e1ede248,0x00000000e1f00000)
  to   space 4096K, 0% used [0x00000000e1f00000,0x00000000e1f00000,0x00000000e2300000)
 ParOldGen       total 65024K, used 27008K [0x00000000a0a00000, 0x00000000a4980000, 0x00000000e0300000)
  object space 65024K, 41% used [0x00000000a0a00000,0x00000000a2460030,0x00000000a4980000)
 PSPermGen       total 21504K, used 8004K [0x000000009b800000, 0x000000009cd00000, 0x00000000a0a00000)
  object space 21504K, 37% used [0x000000009b800000,0x000000009bfd1370,0x000000009cd00000)
}

Deoptimization events (7 events):
Event: 0.364 Thread 0x000000000b5e2800 Uncommon trap: reason=predicate action=maybe_recompile pc=0x000000000235a7e0 method=java.util.ArrayList.indexOf(Ljava/lang/Object;)I @ 44
Event: 1.736 Thread 0x000000000b5e2800 Uncommon trap: reason=predicate action=maybe_recompile pc=0x0000000002365bd0 method=java.util.Arrays.fill([Ljava/lang/Object;Ljava/lang/Object;)V @ 10
Event: 2.334 Thread 0x000000000b5ef800 Uncommon trap: reason=array_check action=maybe_recompile pc=0x0000000002373db4 method=java.util.Arrays.fill([Ljava/lang/Object;Ljava/lang/Object;)V @ 13
Event: 2.337 Thread 0x000000000b5e2800 Uncommon trap: reason=array_check action=maybe_recompile pc=0x0000000002373db4 method=java.util.Arrays.fill([Ljava/lang/Object;Ljava/lang/Object;)V @ 13
Event: 2.337 Thread 0x000000000b5ef800 Uncommon trap: reason=array_check action=maybe_recompile pc=0x0000000002373db4 method=java.util.Arrays.fill([Ljava/lang/Object;Ljava/lang/Object;)V @ 13
Event: 2.337 Thread 0x000000000b5ef800 Uncommon trap: reason=array_check action=maybe_recompile pc=0x0000000002373db4 method=java.util.Arrays.fill([Ljava/lang/Object;Ljava/lang/Object;)V @ 13
Event: 3.912 Thread 0x000000000b5b7000 Uncommon trap: reason=unreached action=reinterpret pc=0x000000000238557c method=othello.Othello.animate()V @ 1139

Internal exceptions (10 events):
Event: 0.159 Thread 0x000000000049f000 Threw 0x00000000e0474088 at C:\jdk7u2_64p\jdk7u40\hotspot\src\share\vm\prims\jvm.cpp:1244
Event: 0.160 Thread 0x000000000049f000 Threw 0x00000000e04766e0 at C:\jdk7u2_64p\jdk7u40\hotspot\src\share\vm\prims\jvm.cpp:1244
Event: 0.160 Thread 0x000000000049f000 Threw 0x00000000e0477db0 at C:\jdk7u2_64p\jdk7u40\hotspot\src\share\vm\prims\jvm.cpp:1244
Event: 0.161 Thread 0x000000000049f000 Threw 0x00000000e0479208 at C:\jdk7u2_64p\jdk7u40\hotspot\src\share\vm\prims\jvm.cpp:1244
Event: 0.162 Thread 0x000000000b5b7000 Threw 0x00000000e04ecb08 at C:\jdk7u2_64p\jdk7u40\hotspot\src\share\vm\prims\jvm.cpp:1244
Event: 0.163 Thread 0x000000000b5b7000 Threw 0x00000000e04eec38 at C:\jdk7u2_64p\jdk7u40\hotspot\src\share\vm\prims\jvm.cpp:1244
Event: 0.191 Thread 0x000000000049f000 Threw 0x00000000e04c8cc0 at C:\jdk7u2_64p\jdk7u40\hotspot\src\share\vm\prims\jvm.cpp:1244
Event: 0.191 Thread 0x000000000049f000 Threw 0x00000000e04c8de8 at C:\jdk7u2_64p\jdk7u40\hotspot\src\share\vm\prims\jvm.cpp:1244
Event: 0.191 Thread 0x000000000049f000 Threw 0x00000000e04ccb60 at C:\jdk7u2_64p\jdk7u40\hotspot\src\share\vm\prims\jvm.cpp:1244
Event: 0.191 Thread 0x000000000049f000 Threw 0x00000000e04ccc88 at C:\jdk7u2_64p\jdk7u40\hotspot\src\share\vm\prims\jvm.cpp:1244

Events (10 events):
Event: 2.337 Thread 0x000000000b5ef800 Uncommon trap: trap_request=0xffffffd6 fr.pc=0x0000000002373db4
Event: 2.337 Thread 0x000000000b5ef800 DEOPT PACKING pc=0x0000000002373db4 sp=0x000000000fe7ed00
Event: 2.337 Thread 0x000000000b5ef800 DEOPT UNPACKING pc=0x00000000023175a4 sp=0x000000000fe7eca8 mode 2
Event: 3.912 Thread 0x000000000b5b7000 Uncommon trap: trap_request=0xffffffad fr.pc=0x000000000238557c
Event: 3.912 Thread 0x000000000b5b7000 DEOPT PACKING pc=0x000000000238557c sp=0x000000000f3cf650
Event: 3.912 Thread 0x000000000b5b7000 DEOPT UNPACKING pc=0x00000000023175a4 sp=0x000000000f3cf610 mode 2
Event: 4.068 Executing VM operation: EnableBiasedLocking
Event: 4.068 Executing VM operation: EnableBiasedLocking done
Event: 4.778 loading class 0x00000000020b6bd0
Event: 4.778 loading class 0x00000000020b6bd0 done


Dynamic libraries:
0x000000013f440000 - 0x000000013f473000 	C:\Program Files\Java\jdk1.7.0_40\bin\java.exe
0x00000000777e0000 - 0x0000000077989000 	C:\Windows\SYSTEM32\ntdll.dll
0x00000000775c0000 - 0x00000000776e0000 	C:\Windows\system32\kernel32.dll
0x000007fefd8d0000 - 0x000007fefd93c000 	C:\Windows\system32\KERNELBASE.dll
0x000007feff180000 - 0x000007feff25b000 	C:\Windows\system32\ADVAPI32.dll
0x000007fefefb0000 - 0x000007feff04f000 	C:\Windows\system32\msvcrt.dll
0x000007feff560000 - 0x000007feff57f000 	C:\Windows\SYSTEM32\sechost.dll
0x000007feff050000 - 0x000007feff17d000 	C:\Windows\system32\RPCRT4.dll
0x00000000776e0000 - 0x00000000777da000 	C:\Windows\system32\USER32.dll
0x000007feff260000 - 0x000007feff2c7000 	C:\Windows\system32\GDI32.dll
0x000007feff8a0000 - 0x000007feff8ae000 	C:\Windows\system32\LPK.dll
0x000007feff3d0000 - 0x000007feff499000 	C:\Windows\system32\USP10.dll
0x000007fefbca0000 - 0x000007fefbe94000 	C:\Windows\WinSxS\amd64_microsoft.windows.common-controls_6595b64144ccf1df_6.0.7601.18837_none_fa3b1e3d17594757\COMCTL32.dll
0x000007feff2d0000 - 0x000007feff341000 	C:\Windows\system32\SHLWAPI.dll
0x000007fefded0000 - 0x000007fefdefe000 	C:\Windows\system32\IMM32.DLL
0x000007feff580000 - 0x000007feff689000 	C:\Windows\system32\MSCTF.dll
0x000000006f6a0000 - 0x000000006f771000 	C:\Program Files\Java\jdk1.7.0_40\jre\bin\msvcr100.dll
0x000000006acc0000 - 0x000000006b489000 	C:\Program Files\Java\jdk1.7.0_40\jre\bin\server\jvm.dll
0x000007fefa8c0000 - 0x000007fefa8c9000 	C:\Windows\system32\WSOCK32.dll
0x000007fefd940000 - 0x000007fefd98d000 	C:\Windows\system32\WS2_32.dll
0x000007feff8b0000 - 0x000007feff8b8000 	C:\Windows\system32\NSI.dll
0x000007fefb460000 - 0x000007fefb49b000 	C:\Windows\system32\WINMM.dll
0x00000000779a0000 - 0x00000000779a7000 	C:\Windows\system32\PSAPI.DLL
0x000000006f690000 - 0x000000006f69f000 	C:\Program Files\Java\jdk1.7.0_40\jre\bin\verify.dll
0x000000006f660000 - 0x000000006f688000 	C:\Program Files\Java\jdk1.7.0_40\jre\bin\java.dll
0x000000006f5e0000 - 0x000000006f5f5000 	C:\Program Files\Java\jdk1.7.0_40\jre\bin\zip.dll
0x000000006ab20000 - 0x000000006acb5000 	C:\Program Files\Java\jdk1.7.0_40\jre\bin\awt.dll
0x000007fefeed0000 - 0x000007fefefa7000 	C:\Windows\system32\OLEAUT32.dll
0x000007feff690000 - 0x000007feff893000 	C:\Windows\system32\ole32.dll
0x000007fefb050000 - 0x000007fefb068000 	C:\Windows\system32\DWMAPI.DLL
0x000007fefbc40000 - 0x000007fefbc96000 	C:\Windows\system32\uxtheme.dll
0x000007fefd3e0000 - 0x000007fefd3ef000 	C:\Windows\system32\CRYPTBASE.dll
0x000007fef7870000 - 0x000007fef7a6f000 	C:\Windows\system32\d3d9.dll
0x000007fefc5c0000 - 0x000007fefc5cc000 	C:\Windows\system32\VERSION.dll
0x000007fef7860000 - 0x000007fef7867000 	C:\Windows\system32\d3d8thk.dll
0x000007fef6ec0000 - 0x000007fef6ece000 	C:\Windows\system32\atiu9p64.dll
0x000000005b260000 - 0x000000005b983000 	C:\Windows\system32\atiumd64.dll
0x000000005ae70000 - 0x000000005b25c000 	C:\Windows\system32\atiumd6a.dll
0x000007fefe140000 - 0x000007fefeec9000 	C:\Windows\system32\SHELL32.dll
0x000000006f480000 - 0x000000006f4bf000 	C:\Program Files\Java\jdk1.7.0_40\jre\bin\fontmanager.dll
0x000007feffa50000 - 0x000007feffae9000 	C:\Windows\system32\CLBCatQ.DLL
0x0000000071540000 - 0x0000000071570000 	C:\Program Files\Java\jdk1.7.0_40\jre\bin\jpeg.dll
0x000000005dd00000 - 0x000000005dd2a000 	C:\Program Files\Java\jdk1.7.0_40\jre\bin\dcpr.dll
0x000000006f600000 - 0x000000006f619000 	C:\Program Files\Java\jdk1.7.0_40\jre\bin\net.dll
0x000007fefcd20000 - 0x000007fefcd75000 	C:\Windows\system32\mswsock.dll
0x000007fefcd10000 - 0x000007fefcd17000 	C:\Windows\System32\wship6.dll
0x000000006f5a0000 - 0x000000006f5b1000 	C:\Program Files\Java\jdk1.7.0_40\jre\bin\nio.dll
0x000000006efa0000 - 0x000000006efe1000 	C:\Program Files\Java\jdk1.7.0_40\jre\bin\t2k.dll

VM Arguments:
jvm_args: -Dfile.encoding=UTF-8 
java_command: othello.Othello
Launcher Type: SUN_STANDARD

Environment Variables:
CLASSPATH=.;C:\Program Files (x86)\Java\jre7\lib\ext\QTJava.zip
PATH=C:\ProgramData\Oracle\Java\javapath;C:\Program Files (x86)\Intel\iCLS Client\;C:\Program Files\Intel\iCLS Client\;C:\Program Files\Common Files\Microsoft Shared\Windows Live;C:\Program Files (x86)\Common Files\Microsoft Shared\Windows Live;c:\Program Files (x86)\AMD APP\bin\x86_64;c:\Program Files (x86)\AMD APP\bin\x86;C:\Windows\system32;C:\Windows;C:\Windows\System32\Wbem;C:\Windows\System32\WindowsPowerShell\v1.0\;c:\Program Files (x86)\ATI Technologies\ATI.ACE\Core-Static;C:\Program Files (x86)\Windows Live\Shared;C:\Program Files (x86)\QuickTime\QTSystem\;C:\Program Files\Intel\Intel(R) Management Engine Components\DAL;C:\Program Files\Intel\Intel(R) Management Engine Components\IPT;C:\Program Files (x86)\Intel\Intel(R) Management Engine Components\DAL;C:\Program Files (x86)\Intel\Intel(R) Management Engine Components\IPT;c:\Program Files (x86)\Microsoft SQL Server\100\Tools\Binn\;c:\Program Files\Microsoft SQL Server\100\Tools\Binn\;c:\Program Files\Microsoft SQL Server\100\DTS\Binn\
USERNAME=148002822
OS=Windows_NT
PROCESSOR_IDENTIFIER=Intel64 Family 6 Model 58 Stepping 9, GenuineIntel



---------------  S Y S T E M  ---------------

OS: Windows 7 , 64 bit Build 7601 Service Pack 1

CPU:total 4 (4 cores per cpu, 1 threads per core) family 6 model 58 stepping 9, cmov, cx8, fxsr, mmx, sse, sse2, sse3, ssse3, sse4.1, sse4.2, popcnt, avx, aes, erms, tsc, tscinvbit, tscinv

Memory: 4k page, physical 6244820k(3498240k free), swap 12487804k(8852496k free)

vm_info: Java HotSpot(TM) 64-Bit Server VM (24.0-b56) for windows-amd64 JRE (1.7.0_40-b43), built on Aug 26 2013 22:38:32 by "java_re" with unknown MS VC++:1600

time: Mon Nov 09 13:38:10 2015
elapsed time: 5 seconds

